2026-04-28 11:17:12] INFO  BaseTest:L - Browser has been launched with parameters	chrome	true	true
2026-04-28 11:17:14] INFO  BaseTest:L - Browser has been entered with url	https://demoapps.qspiders.com/user-management/login
2026-04-28 11:17:14] INFO  BaseTest:L - Screenshot is captured for failure testcase	validateLogin
2026-04-28 11:17:15] INFO  BaseTest:L - Screenshot is captured for failure testcase	validateLogin
2026-04-28 11:17:15] INFO  BaseTest:L - Screenshot is captured for failure testcase	validateLogin
2026-04-28 11:17:15] INFO  BaseTest:L - Screenshot is captured for failure testcase	validateLogin
2026-04-28 11:17:16] INFO  BaseTest:L - Screenshot is captured for failure testcase	validateLogin
2026-04-28 11:17:16] INFO  BaseTest:L - Screenshot is captured for failure testcase	validateLogin
2026-04-28 11:17:16] INFO  BaseTest:L - Screenshot is captured for failure testcase	validateLogin
2026-04-28 11:17:17] INFO  BaseTest:L - Screenshot is captured for failure testcase	validateLogin
2026-04-28 11:17:17] INFO  BaseTest:L - Screenshot is captured for failure testcase	validateLogin
2026-04-28 11:17:17] INFO  BaseTest:L - Screenshot is captured for failure testcase	validateLogin
2026-04-28 11:17:18] INFO  BaseTest:L - Screenshot is captured for failure testcase	validateLogin
2026-04-28 11:17:18] INFO  BaseTest:L - Browser is terminated
2026-04-28 11:17:19] INFO  BaseTest:L - Browser has been launched with parameters	chrome	true	true
2026-04-28 11:17:20] INFO  BaseTest:L - Browser has been entered with url	https://demoapps.qspiders.com/user-management/login
2026-04-28 11:17:22] INFO  BaseTest:L - Browser is terminated
2026-04-28 11:17:23] INFO  BaseTest:L - Browser has been launched with parameters	chrome	true	true
2026-04-28 11:17:24] INFO  BaseTest:L - Browser has been entered with url	https://demoapps.qspiders.com/user-management/login
2026-04-28 11:17:25] INFO  BaseTest:L - Screenshot is captured for failure testcase	validateLogin
2026-04-28 11:17:25] INFO  BaseTest:L - Screenshot is captured for failure testcase	validateLogin
2026-04-28 11:17:25] INFO  BaseTest:L - Screenshot is captured for failure testcase	validateLogin
2026-04-28 11:17:26] INFO  BaseTest:L - Screenshot is captured for failure testcase	validateLogin
2026-04-28 11:17:26] INFO  BaseTest:L - Screenshot is captured for failure testcase	validateLogin
2026-04-28 11:17:26] INFO  BaseTest:L - Screenshot is captured for failure testcase	validateLogin
2026-04-28 11:17:27] INFO  BaseTest:L - Screenshot is captured for failure testcase	validateLogin
2026-04-28 11:17:27] INFO  BaseTest:L - Screenshot is captured for failure testcase	validateLogin
2026-04-28 11:17:27] INFO  BaseTest:L - Screenshot is captured for failure testcase	validateLogin
2026-04-28 11:17:27] INFO  BaseTest:L - Screenshot is captured for failure testcase	validateLogin
2026-04-28 11:17:28] INFO  BaseTest:L - Screenshot is captured for failure testcase	validateLogin
2026-04-28 11:17:28] INFO  BaseTest:L - Browser is terminated
2026-04-28 11:17:29] INFO  BaseTest:L - Browser has been launched with parameters	chrome	true	true
2026-04-28 11:17:30] INFO  BaseTest:L - Browser has been entered with url	https://demoapps.qspiders.com/user-management/login
2026-04-28 11:17:31] INFO  BaseTest:L - Browser is terminated
2026-04-28 11:18:17] INFO  BaseTest:L - Browser has been launched with parameters	chrome	true	true
2026-04-28 11:18:19] INFO  BaseTest:L - Browser has been entered with url	https://demoapps.qspiders.com/user-management/login
2026-04-28 11:18:20] INFO  BaseTest:L - Screenshot is captured for failure testcase	validateLogin
2026-04-28 11:18:21] INFO  BaseTest:L - Screenshot is captured for failure testcase	validateLogin
2026-04-28 11:18:21] INFO  BaseTest:L - Screenshot is captured for failure testcase	validateLogin
2026-04-28 11:18:22] INFO  BaseTest:L - Screenshot is captured for failure testcase	validateLogin
2026-04-28 11:18:22] INFO  BaseTest:L - Screenshot is captured for failure testcase	validateLogin
2026-04-28 11:18:23] INFO  BaseTest:L - Screenshot is captured for failure testcase	validateLogin
2026-04-28 11:18:24] INFO  BaseTest:L - Screenshot is captured for failure testcase	validateLogin
2026-04-28 11:18:24] INFO  BaseTest:L - Screenshot is captured for failure testcase	validateLogin
2026-04-28 11:18:25] INFO  BaseTest:L - Screenshot is captured for failure testcase	validateLogin
2026-04-28 11:18:25] INFO  BaseTest:L - Screenshot is captured for failure testcase	validateLogin
2026-04-28 11:18:25] INFO  BaseTest:L - Screenshot is captured for failure testcase	validateLogin
2026-04-28 11:18:25] INFO  BaseTest:L - Browser is terminated
2026-04-28 11:18:26] INFO  BaseTest:L - Browser has been launched with parameters	chrome	true	true
2026-04-28 11:18:28] INFO  BaseTest:L - Browser has been entered with url	https://demoapps.qspiders.com/user-management/login
2026-04-28 11:18:29] INFO  BaseTest:L - Browser is terminated
2026-04-28 11:18:30] INFO  BaseTest:L - Browser has been launched with parameters	chrome	true	true
2026-04-28 11:18:32] INFO  BaseTest:L - Browser has been entered with url	https://demoapps.qspiders.com/user-management/login
2026-04-28 11:18:32] INFO  BaseTest:L - Screenshot is captured for failure testcase	validateLogin
2026-04-28 11:18:33] INFO  BaseTest:L - Screenshot is captured for failure testcase	validateLogin
2026-04-28 11:18:33] INFO  BaseTest:L - Screenshot is captured for failure testcase	validateLogin
2026-04-28 11:18:33] INFO  BaseTest:L - Screenshot is captured for failure testcase	validateLogin
2026-04-28 11:18:33] INFO  BaseTest:L - Screenshot is captured for failure testcase	validateLogin
2026-04-28 11:18:34] INFO  BaseTest:L - Screenshot is captured for failure testcase	validateLogin
2026-04-28 11:18:34] INFO  BaseTest:L - Screenshot is captured for failure testcase	validateLogin
2026-04-28 11:18:34] INFO  BaseTest:L - Screenshot is captured for failure testcase	validateLogin
2026-04-28 11:18:35] INFO  BaseTest:L - Screenshot is captured for failure testcase	validateLogin
2026-04-28 11:18:35] INFO  BaseTest:L - Screenshot is captured for failure testcase	validateLogin
2026-04-28 11:18:35] INFO  BaseTest:L - Screenshot is captured for failure testcase	validateLogin
2026-04-28 11:18:35] INFO  BaseTest:L - Browser is terminated
2026-04-28 11:18:36] INFO  BaseTest:L - Browser has been launched with parameters	chrome	true	true
2026-04-28 11:18:38] INFO  BaseTest:L - Browser has been entered with url	https://demoapps.qspiders.com/user-management/login
2026-04-28 11:18:39] INFO  BaseTest:L - Browser is terminated
2026-04-30 11:46:10] INFO  BaseTest:L - Browser has been launched with parameters	chrome	true	true
2026-04-30 11:46:12] INFO  BaseTest:L - Browser has been launched with parameters	chrome	true	true
2026-04-30 11:46:13] INFO  BaseTest:L - Browser has been launched with parameters	chrome	true	true
2026-04-30 11:46:14] INFO  BaseTest:L - Browser has been launched with parameters	chrome	true	true
2026-05-05 12:45:48] INFO  BaseTest:L - Browser has been launched with parameters	chrome	true	true
2026-05-05 12:46:26] INFO  BaseTest:L - Browser has been entered with url	https://demoapps.qspiders.com/user-management/login
2026-05-05 12:46:27] INFO  BaseTest:L - Screenshot is captured for failure testcase	validateLogin
2026-05-05 12:46:28] INFO  BaseTest:L - Screenshot is captured for failure testcase	validateLogin
2026-05-05 12:46:29] INFO  BaseTest:L - Screenshot is captured for failure testcase	validateLogin
2026-05-05 12:46:29] INFO  BaseTest:L - Screenshot is captured for failure testcase	validateLogin
2026-05-05 12:46:30] INFO  BaseTest:L - Screenshot is captured for failure testcase	validateLogin
2026-05-05 12:46:30] INFO  BaseTest:L - Screenshot is captured for failure testcase	validateLogin
2026-05-05 12:46:31] INFO  BaseTest:L - Screenshot is captured for failure testcase	validateLogin
2026-05-05 12:46:31] INFO  BaseTest:L - Screenshot is captured for failure testcase	validateLogin
2026-05-05 12:46:32] INFO  BaseTest:L - Screenshot is captured for failure testcase	validateLogin
2026-05-05 12:46:32] INFO  BaseTest:L - Screenshot is captured for failure testcase	validateLogin
2026-05-05 12:46:33] INFO  BaseTest:L - Screenshot is captured for failure testcase	validateLogin
2026-05-05 12:46:33] INFO  BaseTest:L - Browser is terminated
2026-05-05 12:46:34] INFO  BaseTest:L - Browser has been launched with parameters	chrome	true	true
2026-05-05 12:46:36] INFO  BaseTest:L - Browser has been entered with url	https://demoapps.qspiders.com/user-management/login
2026-05-05 12:46:38] INFO  BaseTest:L - Browser is terminated
2026-05-05 12:46:39] INFO  BaseTest:L - Browser has been launched with parameters	chrome	true	true
2026-05-05 12:46:41] INFO  BaseTest:L - Browser has been entered with url	https://demoapps.qspiders.com/user-management/login
2026-05-05 12:46:42] INFO  BaseTest:L - Screenshot is captured for failure testcase	validateLogin
2026-05-05 12:46:42] INFO  BaseTest:L - Screenshot is captured for failure testcase	validateLogin
2026-05-05 12:46:43] INFO  BaseTest:L - Screenshot is captured for failure testcase	validateLogin
2026-05-05 12:46:43] INFO  BaseTest:L - Screenshot is captured for failure testcase	validateLogin
2026-05-05 12:46:44] INFO  BaseTest:L - Screenshot is captured for failure testcase	validateLogin
2026-05-05 12:46:44] INFO  BaseTest:L - Screenshot is captured for failure testcase	validateLogin
2026-05-05 12:46:45] INFO  BaseTest:L - Screenshot is captured for failure testcase	validateLogin
2026-05-05 12:46:45] INFO  BaseTest:L - Screenshot is captured for failure testcase	validateLogin
2026-05-05 12:46:46] INFO  BaseTest:L - Screenshot is captured for failure testcase	validateLogin
2026-05-05 12:46:46] INFO  BaseTest:L - Screenshot is captured for failure testcase	validateLogin
2026-05-05 12:46:47] INFO  BaseTest:L - Screenshot is captured for failure testcase	validateLogin
2026-05-05 12:46:47] INFO  BaseTest:L - Browser is terminated
2026-05-05 12:46:48] INFO  BaseTest:L - Browser has been launched with parameters	chrome	true	true
2026-05-05 12:46:51] INFO  BaseTest:L - Browser has been entered with url	https://demoapps.qspiders.com/user-management/login
2026-05-05 12:46:53] INFO  BaseTest:L - Browser is terminated
2026-05-05 12:48:57] INFO  BaseTest:L - Browser has been launched with parameters	chrome	true	true
2026-05-05 12:49:00] INFO  BaseTest:L - Browser has been entered with url	https://demoapps.qspiders.com/user-management/login
2026-05-05 12:49:02] INFO  BaseTest:L - Browser is terminated
2026-05-05 12:49:02] INFO  BaseTest:L - Browser has been launched with parameters	chrome	true	true
2026-05-05 12:49:03] INFO  BaseTest:L - Browser has been entered with url	https://demoapps.qspiders.com/user-management/login
2026-05-05 12:49:07] INFO  BaseTest:L - Browser is terminated
2026-05-06 11:15:10] INFO  BaseTest:L - Browser has been launched with parameters	chrome	true	false
2026-05-06 11:15:17] INFO  BaseTest:L - Browser has been entered with url	https://demoapps.qspiders.com/user-management/login
2026-05-06 11:15:18] INFO  BaseTest:L - Browser is terminated
2026-05-06 11:15:19] INFO  BaseTest:L - Browser has been launched with parameters	chrome	true	false
2026-05-06 11:15:28] INFO  BaseTest:L - Browser has been entered with url	https://demoapps.qspiders.com/user-management/login
2026-05-06 11:15:35] INFO  BaseTest:L - Browser is terminated
